<?xml version="1.0" encoding="UTF-8"?>
<persistence xmlns="http://xmlns.jcp.org/xml/ns/persistence"
             xmlns:xsi="http://www.w3.org/2001/XMLSchema-instance"
             xsi:schemaLocation="http://xmlns.jcp.org/xml/ns/persistence http://xmlns.jcp.org/xml/ns/persistence/persistence_2_1.xsd"
             version="2.1">    
    <persistence-unit name="test-primary">
        <jta-data-source>java:jboss/datasources/NharegTestDS</jta-data-source>
        <jar-file>domene-1.0-SNAPSHOT.jar</jar-file>
        <mapping-file>META-INF/orm.xml</mapping-file>
        <class>no.arkivverket.helsearkiv.nhareg.domene.avlevering.Avtale</class>
        <class>no.arkivverket.helsearkiv.nhareg.domene.avlevering.Avlevering</class>
        <class>no.arkivverket.helsearkiv.nhareg.domene.avlevering.Pasientjournal</class>
        <class>no.arkivverket.helsearkiv.nhareg.domene.avlevering.Diagnose</class>
        <exclude-unlisted-classes>true</exclude-unlisted-classes>
        <properties>
            <!-- Properties for Hibernate -->
            <property name="hibernate.hbm2ddl.auto" value="create-drop"/>
            <property name="hibernate.show_sql" value="true"/>
        </properties>
    </persistence-unit>
</persistence>
